0 first timeout is 2023-12-11 00:23:44.357241235 +0800 CST m=+0.333229045
1 first timeout is 2023-12-11 00:23:44.304361872 +0800 CST m=+0.280349681
2 first timeout is 2023-12-11 00:23:44.410377856 +0800 CST m=+0.386365665
3 first timeout is 2023-12-11 00:23:44.252394168 +0800 CST m=+0.228381985
4 first timeout is 2023-12-11 00:23:44.412753121 +0800 CST m=+0.388740930
5 first timeout is 2023-12-11 00:23:44.255769357 +0800 CST m=+0.231757167
6 first timeout is 2023-12-11 00:23:44.368783417 +0800 CST m=+0.344771226
Test (2A): multiple elections ...
5 become candidate in term 1 at 2023-12-11 00:23:44.325454981 +0800 CST m=+0.301442840
3 become candidate in term 1 at 2023-12-11 00:23:44.32555953 +0800 CST m=+0.301547399
1 become candidate in term 1 at 2023-12-11 00:23:44.325630689 +0800 CST m=+0.301618553
0 become follower in RequestVote at 2023-12-11 00:23:44.326149767 +0800 CST m=+0.302137631
6 become follower in RequestVote at 2023-12-11 00:23:44.326182209 +0800 CST m=+0.302170073
4 become follower in RequestVote at 2023-12-11 00:23:44.326153331 +0800 CST m=+0.302141195
2 become follower in RequestVote at 2023-12-11 00:23:44.326656088 +0800 CST m=+0.302643970
5 become candidate in term 2 at 2023-12-11 00:23:44.626796977 +0800 CST m=+0.602784843
3 become candidate in term 2 at 2023-12-11 00:23:44.626897132 +0800 CST m=+0.602884992
1 become follower in RequestVote at 2023-12-11 00:23:44.627294944 +0800 CST m=+0.603282811
2 become follower in RequestVote at 2023-12-11 00:23:44.627367459 +0800 CST m=+0.603355341
0 become follower in RequestVote at 2023-12-11 00:23:44.627315549 +0800 CST m=+0.603303431
4 become follower in RequestVote at 2023-12-11 00:23:44.627600792 +0800 CST m=+0.603588656
5 become leader with term 2 at 2023-12-11 00:23:44.627758138 +0800 CST m=+0.603746006
6 become follower in RequestVote at 2023-12-11 00:23:44.627771126 +0800 CST m=+0.603758990
5 send heartbeat to 6 in term 2 at 2023-12-11 00:23:44.627794716 +0800 CST m=+0.603782581
5 send heartbeat to 1 in term 2 at 2023-12-11 00:23:44.627918196 +0800 CST m=+0.603906062
6 become follower in AppendEntries at 2023-12-11 00:23:44.628031712 +0800 CST m=+0.604019576
1 become follower in AppendEntries at 2023-12-11 00:23:44.628125062 +0800 CST m=+0.604112926
5 send heartbeat to 4 in term 2 at 2023-12-11 00:23:44.628199204 +0800 CST m=+0.604187067
5 send heartbeat to 2 in term 2 at 2023-12-11 00:23:44.628224359 +0800 CST m=+0.604212223
5 send heartbeat to 0 in term 2 at 2023-12-11 00:23:44.628268688 +0800 CST m=+0.604256549
5 send heartbeat to 3 in term 2 at 2023-12-11 00:23:44.628196996 +0800 CST m=+0.604184877
2 become follower in AppendEntries at 2023-12-11 00:23:44.628424087 +0800 CST m=+0.604411952
0 become follower in AppendEntries at 2023-12-11 00:23:44.628490835 +0800 CST m=+0.604478699
4 become follower in AppendEntries at 2023-12-11 00:23:44.628367583 +0800 CST m=+0.604355443
3 become follower in AppendEntries at 2023-12-11 00:23:44.62851467 +0800 CST m=+0.604502532
5 send heartbeat to 6 in term 2 at 2023-12-11 00:23:44.727899451 +0800 CST m=+0.703887320
5 send heartbeat to 0 in term 2 at 2023-12-11 00:23:44.727983177 +0800 CST m=+0.703971042
5 send heartbeat to 4 in term 2 at 2023-12-11 00:23:44.728036567 +0800 CST m=+0.704024433
5 send heartbeat to 1 in term 2 at 2023-12-11 00:23:44.728119214 +0800 CST m=+0.704107076
6 become follower in AppendEntries at 2023-12-11 00:23:44.728192976 +0800 CST m=+0.704180841
0 become follower in AppendEntries at 2023-12-11 00:23:44.72825253 +0800 CST m=+0.704240392
4 become follower in AppendEntries at 2023-12-11 00:23:44.728313742 +0800 CST m=+0.704301605
5 send heartbeat to 2 in term 2 at 2023-12-11 00:23:44.727922785 +0800 CST m=+0.703910665
1 become follower in AppendEntries at 2023-12-11 00:23:44.728397486 +0800 CST m=+0.704385349
5 send heartbeat to 3 in term 2 at 2023-12-11 00:23:44.728420202 +0800 CST m=+0.704408071
2 become follower in AppendEntries at 2023-12-11 00:23:44.728526067 +0800 CST m=+0.704513928
3 become follower in AppendEntries at 2023-12-11 00:23:44.72858979 +0800 CST m=+0.704577649
5 send heartbeat to 6 in term 2 at 2023-12-11 00:23:44.828103449 +0800 CST m=+0.804091310
5 send heartbeat to 2 in term 2 at 2023-12-11 00:23:44.828183329 +0800 CST m=+0.804171193
5 send heartbeat to 3 in term 2 at 2023-12-11 00:23:44.828275672 +0800 CST m=+0.804263549
5 send heartbeat to 0 in term 2 at 2023-12-11 00:23:44.828342858 +0800 CST m=+0.804330728
6 become follower in AppendEntries at 2023-12-11 00:23:44.828436631 +0800 CST m=+0.804424494
2 become follower in AppendEntries at 2023-12-11 00:23:44.82848339 +0800 CST m=+0.804471257
3 become follower in AppendEntries at 2023-12-11 00:23:44.828553543 +0800 CST m=+0.804541410
5 send heartbeat to 4 in term 2 at 2023-12-11 00:23:44.828603121 +0800 CST m=+0.804590980
5 send heartbeat to 1 in term 2 at 2023-12-11 00:23:44.828628532 +0800 CST m=+0.804616394
0 become follower in AppendEntries at 2023-12-11 00:23:44.828617179 +0800 CST m=+0.804605044
4 become follower in AppendEntries at 2023-12-11 00:23:44.828777822 +0800 CST m=+0.804765686
1 become follower in AppendEntries at 2023-12-11 00:23:44.828813287 +0800 CST m=+0.804801152
5 send heartbeat to 6 in term 2 at 2023-12-11 00:23:44.929056501 +0800 CST m=+0.905044358
5 send heartbeat to 0 in term 2 at 2023-12-11 00:23:44.929160324 +0800 CST m=+0.905148183
5 send heartbeat to 1 in term 2 at 2023-12-11 00:23:44.929205863 +0800 CST m=+0.905193718
5 send heartbeat to 4 in term 2 at 2023-12-11 00:23:44.929302054 +0800 CST m=+0.905289916
6 become follower in AppendEntries at 2023-12-11 00:23:44.929389433 +0800 CST m=+0.905377290
0 become follower in AppendEntries at 2023-12-11 00:23:44.929413308 +0800 CST m=+0.905401161
1 become follower in AppendEntries at 2023-12-11 00:23:44.929468525 +0800 CST m=+0.905456386
5 send heartbeat to 2 in term 2 at 2023-12-11 00:23:44.929114754 +0800 CST m=+0.905102614
4 become follower in AppendEntries at 2023-12-11 00:23:44.929552249 +0800 CST m=+0.905540106
5 send heartbeat to 3 in term 2 at 2023-12-11 00:23:44.929558505 +0800 CST m=+0.905546362
2 become follower in AppendEntries at 2023-12-11 00:23:44.929669067 +0800 CST m=+0.905656922
3 become follower in AppendEntries at 2023-12-11 00:23:44.929740983 +0800 CST m=+0.905728844
5 send heartbeat to 6 in term 2 at 2023-12-11 00:23:45.029338133 +0800 CST m=+1.005325998
5 send heartbeat to 0 in term 2 at 2023-12-11 00:23:45.029440043 +0800 CST m=+1.005427909
5 send heartbeat to 4 in term 2 at 2023-12-11 00:23:45.029496852 +0800 CST m=+1.005484717
5 send heartbeat to 2 in term 2 at 2023-12-11 00:23:45.029394484 +0800 CST m=+1.005382358
6 become follower in AppendEntries at 2023-12-11 00:23:45.029674097 +0800 CST m=+1.005661961
0 become follower in AppendEntries at 2023-12-11 00:23:45.029716359 +0800 CST m=+1.005704224
4 become follower in AppendEntries at 2023-12-11 00:23:45.029782614 +0800 CST m=+1.005770473
2 become follower in AppendEntries at 2023-12-11 00:23:45.029832452 +0800 CST m=+1.005820312
5 send heartbeat to 3 in term 2 at 2023-12-11 00:23:45.029861342 +0800 CST m=+1.005849204
5 send heartbeat to 1 in term 2 at 2023-12-11 00:23:45.02984081 +0800 CST m=+1.005828674
3 become follower in AppendEntries at 2023-12-11 00:23:45.030019889 +0800 CST m=+1.006007758
1 become follower in AppendEntries at 2023-12-11 00:23:45.030037614 +0800 CST m=+1.006025478
1 1 2 disconnect at 2023-12-11 00:23:45.074521442 +0800 CST m=+1.050509325
5 send heartbeat to 6 in term 2 at 2023-12-11 00:23:45.129869214 +0800 CST m=+1.105857081
5 send heartbeat to 2 in term 2 at 2023-12-11 00:23:45.129938893 +0800 CST m=+1.105926772
5 send heartbeat to 0 in term 2 at 2023-12-11 00:23:45.130030261 +0800 CST m=+1.106018130
5 send heartbeat to 4 in term 2 at 2023-12-11 00:23:45.130103831 +0800 CST m=+1.106091691
5 send heartbeat to 1 in term 2 at 2023-12-11 00:23:45.130063887 +0800 CST m=+1.106051748
6 become follower in AppendEntries at 2023-12-11 00:23:45.130226835 +0800 CST m=+1.106214696
4 become follower in AppendEntries at 2023-12-11 00:23:45.130392112 +0800 CST m=+1.106379993
0 become follower in AppendEntries at 2023-12-11 00:23:45.130435366 +0800 CST m=+1.106423238
5 send heartbeat to 3 in term 2 at 2023-12-11 00:23:45.130086661 +0800 CST m=+1.106074525
3 become follower in AppendEntries at 2023-12-11 00:23:45.130689408 +0800 CST m=+1.106677273
5 send heartbeat to 6 in term 2 at 2023-12-11 00:23:45.230344602 +0800 CST m=+1.206332461
5 send heartbeat to 2 in term 2 at 2023-12-11 00:23:45.230440489 +0800 CST m=+1.206428348
5 send heartbeat to 0 in term 2 at 2023-12-11 00:23:45.230523983 +0800 CST m=+1.206511848
5 send heartbeat to 3 in term 2 at 2023-12-11 00:23:45.2305908 +0800 CST m=+1.206578665
5 send heartbeat to 1 in term 2 at 2023-12-11 00:23:45.230566018 +0800 CST m=+1.206553882
6 become follower in AppendEntries at 2023-12-11 00:23:45.230662526 +0800 CST m=+1.206650387
5 send heartbeat to 4 in term 2 at 2023-12-11 00:23:45.230599266 +0800 CST m=+1.206587145
0 become follower in AppendEntries at 2023-12-11 00:23:45.230810672 +0800 CST m=+1.206798537
3 become follower in AppendEntries at 2023-12-11 00:23:45.230841227 +0800 CST m=+1.206829090
4 become follower in AppendEntries at 2023-12-11 00:23:45.230961643 +0800 CST m=+1.206949508
5 send heartbeat to 6 in term 2 at 2023-12-11 00:23:45.3313827 +0800 CST m=+1.307370564
5 send heartbeat to 2 in term 2 at 2023-12-11 00:23:45.331441658 +0800 CST m=+1.307429530
5 send heartbeat to 3 in term 2 at 2023-12-11 00:23:45.331518813 +0800 CST m=+1.307506689
5 send heartbeat to 4 in term 2 at 2023-12-11 00:23:45.331593082 +0800 CST m=+1.307580956
5 send heartbeat to 0 in term 2 at 2023-12-11 00:23:45.331566178 +0800 CST m=+1.307554042
5 send heartbeat to 1 in term 2 at 2023-12-11 00:23:45.331586762 +0800 CST m=+1.307574627
6 become follower in AppendEntries at 2023-12-11 00:23:45.331675715 +0800 CST m=+1.307663581
3 become follower in AppendEntries at 2023-12-11 00:23:45.331838955 +0800 CST m=+1.307826826
4 become follower in AppendEntries at 2023-12-11 00:23:45.331885766 +0800 CST m=+1.307873630
0 become follower in AppendEntries at 2023-12-11 00:23:45.331887398 +0800 CST m=+1.307875268
5 send heartbeat to 6 in term 2 at 2023-12-11 00:23:45.431458254 +0800 CST m=+1.407446117
5 send heartbeat to 1 in term 2 at 2023-12-11 00:23:45.431529803 +0800 CST m=+1.407517667
5 send heartbeat to 0 in term 2 at 2023-12-11 00:23:45.431606869 +0800 CST m=+1.407594750
5 send heartbeat to 2 in term 2 at 2023-12-11 00:23:45.431677173 +0800 CST m=+1.407665032
5 send heartbeat to 4 in term 2 at 2023-12-11 00:23:45.431677661 +0800 CST m=+1.407665555
6 become follower in AppendEntries at 2023-12-11 00:23:45.431775584 +0800 CST m=+1.407763448
5 send heartbeat to 3 in term 2 at 2023-12-11 00:23:45.431656663 +0800 CST m=+1.407644525
0 become follower in AppendEntries at 2023-12-11 00:23:45.431898959 +0800 CST m=+1.407886817
4 become follower in AppendEntries at 2023-12-11 00:23:45.43196881 +0800 CST m=+1.407956670
3 become follower in AppendEntries at 2023-12-11 00:23:45.432002939 +0800 CST m=+1.407990805
1 become candidate in term 3 at 2023-12-11 00:23:45.531772704 +0800 CST m=+1.507760569
2 become candidate in term 3 at 2023-12-11 00:23:45.53185982 +0800 CST m=+1.507847684
5 send heartbeat to 6 in term 2 at 2023-12-11 00:23:45.531939469 +0800 CST m=+1.507927333
5 send heartbeat to 0 in term 2 at 2023-12-11 00:23:45.532025063 +0800 CST m=+1.508012922
5 send heartbeat to 2 in term 2 at 2023-12-11 00:23:45.532093724 +0800 CST m=+1.508081588
5 send heartbeat to 1 in term 2 at 2023-12-11 00:23:45.532151333 +0800 CST m=+1.508139194
5 send heartbeat to 3 in term 2 at 2023-12-11 00:23:45.532158105 +0800 CST m=+1.508145968
5 send heartbeat to 4 in term 2 at 2023-12-11 00:23:45.532191046 +0800 CST m=+1.508178915
0 become follower in AppendEntries at 2023-12-11 00:23:45.532256511 +0800 CST m=+1.508244376
6 become follower in AppendEntries at 2023-12-11 00:23:45.532263129 +0800 CST m=+1.508250992
3 become follower in AppendEntries at 2023-12-11 00:23:45.532372386 +0800 CST m=+1.508360251
4 become follower in AppendEntries at 2023-12-11 00:23:45.532381605 +0800 CST m=+1.508369469
1 1 2 connect at 2023-12-11 00:23:45.560598771 +0800 CST m=+1.536586652
0 0 1 disconnect at 2023-12-11 00:23:45.56071645 +0800 CST m=+1.536704312
5 send heartbeat to 6 in term 2 at 2023-12-11 00:23:45.632000828 +0800 CST m=+1.607988691
5 send heartbeat to 2 in term 2 at 2023-12-11 00:23:45.63205615 +0800 CST m=+1.608044020
5 send heartbeat to 0 in term 2 at 2023-12-11 00:23:45.632158898 +0800 CST m=+1.608146763
5 send heartbeat to 1 in term 2 at 2023-12-11 00:23:45.63223214 +0800 CST m=+1.608220008
5 send heartbeat to 4 in term 2 at 2023-12-11 00:23:45.632312155 +0800 CST m=+1.608300020
5 send heartbeat to 3 in term 2 at 2023-12-11 00:23:45.632284893 +0800 CST m=+1.608272756
6 become follower in AppendEntries at 2023-12-11 00:23:45.632319822 +0800 CST m=+1.608307680
5 become follower in sendHeartBeat at 2023-12-11 00:23:45.632486964 +0800 CST m=+1.608474846
4 become follower in AppendEntries at 2023-12-11 00:23:45.632550552 +0800 CST m=+1.608538422
3 become follower in AppendEntries at 2023-12-11 00:23:45.632555198 +0800 CST m=+1.608543057
0 become candidate in term 3 at 2023-12-11 00:23:45.832718114 +0800 CST m=+1.808705983
1 become candidate in term 4 at 2023-12-11 00:23:45.832810011 +0800 CST m=+1.808797878
5 become candidate in term 3 at 2023-12-11 00:23:45.933512847 +0800 CST m=+1.909500707
2 become candidate in term 4 at 2023-12-11 00:23:45.933577267 +0800 CST m=+1.909565131
3 become candidate in term 3 at 2023-12-11 00:23:45.933603047 +0800 CST m=+1.909590916
6 become follower in RequestVote at 2023-12-11 00:23:45.933950035 +0800 CST m=+1.909937900
4 become follower in RequestVote at 2023-12-11 00:23:45.934011885 +0800 CST m=+1.909999874
6 become follower in RequestVote at 2023-12-11 00:23:45.934089547 +0800 CST m=+1.910077409
3 become follower in RequestVote at 2023-12-11 00:23:45.934214463 +0800 CST m=+1.910202331
5 become follower in RequestVote at 2023-12-11 00:23:45.934348943 +0800 CST m=+1.910336811
4 become follower in RequestVote at 2023-12-11 00:23:45.934404301 +0800 CST m=+1.910392171
2 become leader with term 4 at 2023-12-11 00:23:45.93451404 +0800 CST m=+1.910501899
2 send heartbeat to 6 in term 4 at 2023-12-11 00:23:45.934547476 +0800 CST m=+1.910535338
3 become follower in sendRequestVote at 2023-12-11 00:23:45.93455388 +0800 CST m=+1.910541741
2 send heartbeat to 0 in term 4 at 2023-12-11 00:23:45.934591586 +0800 CST m=+1.910579445
2 send heartbeat to 1 in term 4 at 2023-12-11 00:23:45.934633688 +0800 CST m=+1.910621551
2 send heartbeat to 3 in term 4 at 2023-12-11 00:23:45.934674503 +0800 CST m=+1.910662366
5 become follower in sendRequestVote at 2023-12-11 00:23:45.934722902 +0800 CST m=+1.910710768
2 send heartbeat to 4 in term 4 at 2023-12-11 00:23:45.934750428 +0800 CST m=+1.910738290
5 become follower in sendRequestVote at 2023-12-11 00:23:45.934794688 +0800 CST m=+1.910782553
3 become follower in sendRequestVote at 2023-12-11 00:23:45.934808652 +0800 CST m=+1.910796511
3 become follower in AppendEntries at 2023-12-11 00:23:45.934862527 +0800 CST m=+1.910850391
4 become follower in AppendEntries at 2023-12-11 00:23:45.934902093 +0800 CST m=+1.910889963
6 become follower in AppendEntries at 2023-12-11 00:23:45.934943451 +0800 CST m=+1.910931317
2 send heartbeat to 5 in term 4 at 2023-12-11 00:23:45.934999051 +0800 CST m=+1.910986916
3 become follower in sendRequestVote at 2023-12-11 00:23:45.935072783 +0800 CST m=+1.911060645
5 become follower in AppendEntries at 2023-12-11 00:23:45.935206847 +0800 CST m=+1.911194713
2 send heartbeat to 6 in term 4 at 2023-12-11 00:23:46.034861647 +0800 CST m=+2.010849486
2 send heartbeat to 3 in term 4 at 2023-12-11 00:23:46.034914334 +0800 CST m=+2.010902177
2 send heartbeat to 1 in term 4 at 2023-12-11 00:23:46.034970754 +0800 CST m=+2.010958592
2 send heartbeat to 4 in term 4 at 2023-12-11 00:23:46.034921652 +0800 CST m=+2.010909497
6 become follower in AppendEntries at 2023-12-11 00:23:46.035104891 +0800 CST m=+2.011092730
3 become follower in AppendEntries at 2023-12-11 00:23:46.035116755 +0800 CST m=+2.011104593
2 send heartbeat to 5 in term 4 at 2023-12-11 00:23:46.034948578 +0800 CST m=+2.010936418
2 send heartbeat to 0 in term 4 at 2023-12-11 00:23:46.034960727 +0800 CST m=+2.010948566
4 become follower in AppendEntries at 2023-12-11 00:23:46.03523103 +0800 CST m=+2.011218871
5 become follower in AppendEntries at 2023-12-11 00:23:46.035339447 +0800 CST m=+2.011327285
0 0 1 connect at 2023-12-11 00:23:46.078238043 +0800 CST m=+2.054225920
2 4 0 disconnect at 2023-12-11 00:23:46.078323727 +0800 CST m=+2.054311609
0 become candidate in term 4 at 2023-12-11 00:23:46.134616299 +0800 CST m=+2.110604165
2 send heartbeat to 6 in term 4 at 2023-12-11 00:23:46.134874314 +0800 CST m=+2.110862178
2 send heartbeat to 3 in term 4 at 2023-12-11 00:23:46.134879331 +0800 CST m=+2.110867224
2 send heartbeat to 1 in term 4 at 2023-12-11 00:23:46.134905714 +0800 CST m=+2.110893578
2 send heartbeat to 4 in term 4 at 2023-12-11 00:23:46.134890285 +0800 CST m=+2.110878159
2 send heartbeat to 0 in term 4 at 2023-12-11 00:23:46.134870576 +0800 CST m=+2.110858455
2 send heartbeat to 5 in term 4 at 2023-12-11 00:23:46.134923541 +0800 CST m=+2.110911403
1 become candidate in term 5 at 2023-12-11 00:23:46.235174812 +0800 CST m=+2.211162681
2 send heartbeat to 6 in term 4 at 2023-12-11 00:23:46.235253471 +0800 CST m=+2.211241335
2 send heartbeat to 0 in term 4 at 2023-12-11 00:23:46.235301024 +0800 CST m=+2.211288894
2 send heartbeat to 1 in term 4 at 2023-12-11 00:23:46.235380491 +0800 CST m=+2.211368356
2 send heartbeat to 3 in term 4 at 2023-12-11 00:23:46.235419071 +0800 CST m=+2.211406937
2 send heartbeat to 4 in term 4 at 2023-12-11 00:23:46.235455889 +0800 CST m=+2.211443751
6 become follower in RequestVote at 2023-12-11 00:23:46.235504664 +0800 CST m=+2.211492526
2 send heartbeat to 5 in term 4 at 2023-12-11 00:23:46.235504631 +0800 CST m=+2.211492494
3 become follower in RequestVote at 2023-12-11 00:23:46.235617762 +0800 CST m=+2.211605644
5 become follower in RequestVote at 2023-12-11 00:23:46.235762888 +0800 CST m=+2.211750751
1 become leader with term 5 at 2023-12-11 00:23:46.235965787 +0800 CST m=+2.211953653
1 send heartbeat to 6 in term 5 at 2023-12-11 00:23:46.23600655 +0800 CST m=+2.211994411
1 send heartbeat to 0 in term 5 at 2023-12-11 00:23:46.236024516 +0800 CST m=+2.212012377
1 send heartbeat to 2 in term 5 at 2023-12-11 00:23:46.236065721 +0800 CST m=+2.212053590
1 send heartbeat to 4 in term 5 at 2023-12-11 00:23:46.236093709 +0800 CST m=+2.212081590
1 send heartbeat to 5 in term 5 at 2023-12-11 00:23:46.236098574 +0800 CST m=+2.212086443
6 become follower in AppendEntries at 2023-12-11 00:23:46.236164792 +0800 CST m=+2.212152660
1 send heartbeat to 3 in term 5 at 2023-12-11 00:23:46.236014167 +0800 CST m=+2.212002084
5 become follower in AppendEntries at 2023-12-11 00:23:46.236437753 +0800 CST m=+2.212425619
3 become follower in AppendEntries at 2023-12-11 00:23:46.236498149 +0800 CST m=+2.212486014
4 become candidate in term 5 at 2023-12-11 00:23:46.336160677 +0800 CST m=+2.312148541
1 send heartbeat to 6 in term 5 at 2023-12-11 00:23:46.336266789 +0800 CST m=+2.312254652
1 send heartbeat to 3 in term 5 at 2023-12-11 00:23:46.336409765 +0800 CST m=+2.312397628
1 send heartbeat to 4 in term 5 at 2023-12-11 00:23:46.336477294 +0800 CST m=+2.312465158
1 send heartbeat to 2 in term 5 at 2023-12-11 00:23:46.336534378 +0800 CST m=+2.312522237
2 send heartbeat to 1 in term 4 at 2023-12-11 00:23:46.336443343 +0800 CST m=+2.312431217
1 send heartbeat to 5 in term 5 at 2023-12-11 00:23:46.336601278 +0800 CST m=+2.312589159
1 send heartbeat to 0 in term 5 at 2023-12-11 00:23:46.336620853 +0800 CST m=+2.312608713
2 send heartbeat to 4 in term 4 at 2023-12-11 00:23:46.336463373 +0800 CST m=+2.312451238
2 send heartbeat to 0 in term 4 at 2023-12-11 00:23:46.336672656 +0800 CST m=+2.312660517
2 send heartbeat to 5 in term 4 at 2023-12-11 00:23:46.336482486 +0800 CST m=+2.312470350
2 send heartbeat to 6 in term 4 at 2023-12-11 00:23:46.33642766 +0800 CST m=+2.312415524
6 become follower in AppendEntries at 2023-12-11 00:23:46.336626528 +0800 CST m=+2.312614403
3 become follower in AppendEntries at 2023-12-11 00:23:46.336685827 +0800 CST m=+2.312673691
2 send heartbeat to 3 in term 4 at 2023-12-11 00:23:46.336447618 +0800 CST m=+2.312435480
5 become follower in AppendEntries at 2023-12-11 00:23:46.336812527 +0800 CST m=+2.312800392
0 become candidate in term 5 at 2023-12-11 00:23:46.436569459 +0800 CST m=+2.412557334
2 send heartbeat to 6 in term 4 at 2023-12-11 00:23:46.436676054 +0800 CST m=+2.412663917
1 send heartbeat to 6 in term 5 at 2023-12-11 00:23:46.436792417 +0800 CST m=+2.412780277
2 send heartbeat to 5 in term 4 at 2023-12-11 00:23:46.436818975 +0800 CST m=+2.412806836
2 send heartbeat to 1 in term 4 at 2023-12-11 00:23:46.436835101 +0800 CST m=+2.412822983
1 send heartbeat to 2 in term 5 at 2023-12-11 00:23:46.436896549 +0800 CST m=+2.412884416
2 send heartbeat to 0 in term 4 at 2023-12-11 00:23:46.436914246 +0800 CST m=+2.412902108
1 send heartbeat to 4 in term 5 at 2023-12-11 00:23:46.436874226 +0800 CST m=+2.412862090
2 send heartbeat to 4 in term 4 at 2023-12-11 00:23:46.436880017 +0800 CST m=+2.412867882
1 send heartbeat to 5 in term 5 at 2023-12-11 00:23:46.436890925 +0800 CST m=+2.412878787
6 become follower in AppendEntries at 2023-12-11 00:23:46.437099417 +0800 CST m=+2.413087287
1 send heartbeat to 3 in term 5 at 2023-12-11 00:23:46.436855226 +0800 CST m=+2.412843114
2 send heartbeat to 3 in term 4 at 2023-12-11 00:23:46.436864566 +0800 CST m=+2.412852430
1 send heartbeat to 0 in term 5 at 2023-12-11 00:23:46.43688872 +0800 CST m=+2.412876580
5 become follower in AppendEntries at 2023-12-11 00:23:46.437260475 +0800 CST m=+2.413248336
3 become follower in AppendEntries at 2023-12-11 00:23:46.437436253 +0800 CST m=+2.413424128
1 send heartbeat to 6 in term 5 at 2023-12-11 00:23:46.537765406 +0800 CST m=+2.513753272
2 send heartbeat to 6 in term 4 at 2023-12-11 00:23:46.537848052 +0800 CST m=+2.513835920
1 send heartbeat to 2 in term 5 at 2023-12-11 00:23:46.537898302 +0800 CST m=+2.513886177
2 send heartbeat to 0 in term 4 at 2023-12-11 00:23:46.537991259 +0800 CST m=+2.513979122
1 send heartbeat to 4 in term 5 at 2023-12-11 00:23:46.538025106 +0800 CST m=+2.514012970
2 send heartbeat to 5 in term 4 at 2023-12-11 00:23:46.538078158 +0800 CST m=+2.514066022
1 send heartbeat to 3 in term 5 at 2023-12-11 00:23:46.538036337 +0800 CST m=+2.514024204
6 become follower in AppendEntries at 2023-12-11 00:23:46.538162807 +0800 CST m=+2.514150667
2 send heartbeat to 3 in term 4 at 2023-12-11 00:23:46.538063515 +0800 CST m=+2.514051380
1 send heartbeat to 0 in term 5 at 2023-12-11 00:23:46.537984712 +0800 CST m=+2.513972575
3 become follower in AppendEntries at 2023-12-11 00:23:46.538325941 +0800 CST m=+2.514313809
2 send heartbeat to 1 in term 4 at 2023-12-11 00:23:46.53804751 +0800 CST m=+2.514035372
1 send heartbeat to 5 in term 5 at 2023-12-11 00:23:46.538061778 +0800 CST m=+2.514049643
2 send heartbeat to 4 in term 4 at 2023-12-11 00:23:46.538081349 +0800 CST m=+2.514069208
5 become follower in AppendEntries at 2023-12-11 00:23:46.538585759 +0800 CST m=+2.514573622
2 4 0 connect at 2023-12-11 00:23:46.598806741 +0800 CST m=+2.574794626
6 0 2 disconnect at 2023-12-11 00:23:46.598893971 +0800 CST m=+2.574881830
1 send heartbeat to 6 in term 5 at 2023-12-11 00:23:46.638160748 +0800 CST m=+2.614148610
1 send heartbeat to 2 in term 5 at 2023-12-11 00:23:46.638221425 +0800 CST m=+2.614209294
1 send heartbeat to 3 in term 5 at 2023-12-11 00:23:46.638295646 +0800 CST m=+2.614283512
4 become candidate in term 6 at 2023-12-11 00:23:46.638326776 +0800 CST m=+2.614314644
2 send heartbeat to 6 in term 4 at 2023-12-11 00:23:46.638397817 +0800 CST m=+2.614385679
1 send heartbeat to 0 in term 5 at 2023-12-11 00:23:46.638355352 +0800 CST m=+2.614343215
2 send heartbeat to 0 in term 4 at 2023-12-11 00:23:46.638433964 +0800 CST m=+2.614421829
2 send heartbeat to 5 in term 4 at 2023-12-11 00:23:46.638477925 +0800 CST m=+2.614465787
3 become follower in AppendEntries at 2023-12-11 00:23:46.638515864 +0800 CST m=+2.614503733
1 send heartbeat to 4 in term 5 at 2023-12-11 00:23:46.638525823 +0800 CST m=+2.614513689
1 send heartbeat to 5 in term 5 at 2023-12-11 00:23:46.638565013 +0800 CST m=+2.614552874
1 become follower in RequestVote at 2023-12-11 00:23:46.638705435 +0800 CST m=+2.614693299
2 send heartbeat to 3 in term 4 at 2023-12-11 00:23:46.63844929 +0800 CST m=+2.614437150
1 become follower in sendHeartBeat at 2023-12-11 00:23:46.638856941 +0800 CST m=+2.614844804
3 become follower in RequestVote at 2023-12-11 00:23:46.638741575 +0800 CST m=+2.614729442
2 send heartbeat to 1 in term 4 at 2023-12-11 00:23:46.638394055 +0800 CST m=+2.614381921
5 become follower in AppendEntries at 2023-12-11 00:23:46.638728829 +0800 CST m=+2.614716692
2 send heartbeat to 4 in term 4 at 2023-12-11 00:23:46.638463846 +0800 CST m=+2.614451712
5 become follower in RequestVote at 2023-12-11 00:23:46.639059688 +0800 CST m=+2.615047550
4 become leader with term 6 at 2023-12-11 00:23:46.639196484 +0800 CST m=+2.615184346
4 send heartbeat to 6 in term 6 at 2023-12-11 00:23:46.639226183 +0800 CST m=+2.615214044
4 send heartbeat to 0 in term 6 at 2023-12-11 00:23:46.63926718 +0800 CST m=+2.615255040
4 send heartbeat to 3 in term 6 at 2023-12-11 00:23:46.639303454 +0800 CST m=+2.615291317
4 send heartbeat to 5 in term 6 at 2023-12-11 00:23:46.639310425 +0800 CST m=+2.615298291
4 send heartbeat to 2 in term 6 at 2023-12-11 00:23:46.639297227 +0800 CST m=+2.615285096
3 become follower in AppendEntries at 2023-12-11 00:23:46.639449163 +0800 CST m=+2.615437025
4 send heartbeat to 1 in term 6 at 2023-12-11 00:23:46.639340121 +0800 CST m=+2.615327983
5 become follower in AppendEntries at 2023-12-11 00:23:46.639515967 +0800 CST m=+2.615503831
1 become follower in AppendEntries at 2023-12-11 00:23:46.639680734 +0800 CST m=+2.615668606
4 send heartbeat to 6 in term 6 at 2023-12-11 00:23:46.739576886 +0800 CST m=+2.715564751
4 send heartbeat to 0 in term 6 at 2023-12-11 00:23:46.739642178 +0800 CST m=+2.715630052
4 send heartbeat to 1 in term 6 at 2023-12-11 00:23:46.739723797 +0800 CST m=+2.715711659
4 send heartbeat to 3 in term 6 at 2023-12-11 00:23:46.739724453 +0800 CST m=+2.715712319
2 send heartbeat to 6 in term 4 at 2023-12-11 00:23:46.739788674 +0800 CST m=+2.715776540
4 send heartbeat to 2 in term 6 at 2023-12-11 00:23:46.739789612 +0800 CST m=+2.715777486
2 send heartbeat to 1 in term 4 at 2023-12-11 00:23:46.739858588 +0800 CST m=+2.715846454
2 send heartbeat to 0 in term 4 at 2023-12-11 00:23:46.739843315 +0800 CST m=+2.715831180
2 send heartbeat to 3 in term 4 at 2023-12-11 00:23:46.739913369 +0800 CST m=+2.715901236
1 become follower in AppendEntries at 2023-12-11 00:23:46.739943607 +0800 CST m=+2.715931469
2 send heartbeat to 5 in term 4 at 2023-12-11 00:23:46.739948038 +0800 CST m=+2.715935898
2 send heartbeat to 4 in term 4 at 2023-12-11 00:23:46.739977558 +0800 CST m=+2.715965422
4 send heartbeat to 5 in term 6 at 2023-12-11 00:23:46.739962964 +0800 CST m=+2.715950826
3 become follower in AppendEntries at 2023-12-11 00:23:46.740035387 +0800 CST m=+2.716023251
5 become follower in AppendEntries at 2023-12-11 00:23:46.740258742 +0800 CST m=+2.716246606
6 become candidate in term 6 at 2023-12-11 00:23:46.839726393 +0800 CST m=+2.815714260
0 become candidate in term 6 at 2023-12-11 00:23:46.839793192 +0800 CST m=+2.815781066
4 send heartbeat to 0 in term 6 at 2023-12-11 00:23:46.839888364 +0800 CST m=+2.815876251
2 send heartbeat to 0 in term 4 at 2023-12-11 00:23:46.839929757 +0800 CST m=+2.815917616
4 send heartbeat to 1 in term 6 at 2023-12-11 00:23:46.839948953 +0800 CST m=+2.815936829
2 send heartbeat to 1 in term 4 at 2023-12-11 00:23:46.83998261 +0800 CST m=+2.815970471
2 send heartbeat to 3 in term 4 at 2023-12-11 00:23:46.840010884 +0800 CST m=+2.815998750
2 send heartbeat to 4 in term 4 at 2023-12-11 00:23:46.840058894 +0800 CST m=+2.816046760
4 send heartbeat to 2 in term 6 at 2023-12-11 00:23:46.840065614 +0800 CST m=+2.816053483
2 send heartbeat to 5 in term 4 at 2023-12-11 00:23:46.840095771 +0800 CST m=+2.816083638
2 send heartbeat to 6 in term 4 at 2023-12-11 00:23:46.83985052 +0800 CST m=+2.815838383
4 send heartbeat to 5 in term 6 at 2023-12-11 00:23:46.840146294 +0800 CST m=+2.816134153
4 send heartbeat to 3 in term 6 at 2023-12-11 00:23:46.840137598 +0800 CST m=+2.816125485
4 send heartbeat to 6 in term 6 at 2023-12-11 00:23:46.839845401 +0800 CST m=+2.815833293
3 become follower in AppendEntries at 2023-12-11 00:23:46.840440167 +0800 CST m=+2.816428025
5 become follower in AppendEntries at 2023-12-11 00:23:46.840460194 +0800 CST m=+2.816448063
1 become follower in AppendEntries at 2023-12-11 00:23:46.840439347 +0800 CST m=+2.816427258
4 send heartbeat to 6 in term 6 at 2023-12-11 00:23:46.940453303 +0800 CST m=+2.916441167
4 send heartbeat to 1 in term 6 at 2023-12-11 00:23:46.940522682 +0800 CST m=+2.916510557
4 send heartbeat to 5 in term 6 at 2023-12-11 00:23:46.940622738 +0800 CST m=+2.916610599
2 send heartbeat to 0 in term 4 at 2023-12-11 00:23:46.940640821 +0800 CST m=+2.916628700
4 send heartbeat to 0 in term 6 at 2023-12-11 00:23:46.940681149 +0800 CST m=+2.916669089
2 send heartbeat to 4 in term 4 at 2023-12-11 00:23:46.940710563 +0800 CST m=+2.916698422
4 send heartbeat to 3 in term 6 at 2023-12-11 00:23:46.940607499 +0800 CST m=+2.916595368
2 send heartbeat to 1 in term 4 at 2023-12-11 00:23:46.940687201 +0800 CST m=+2.916675060
4 send heartbeat to 2 in term 6 at 2023-12-11 00:23:46.940585546 +0800 CST m=+2.916573410
2 send heartbeat to 6 in term 4 at 2023-12-11 00:23:46.940602861 +0800 CST m=+2.916590772
2 send heartbeat to 5 in term 4 at 2023-12-11 00:23:46.940739161 +0800 CST m=+2.916727036
2 send heartbeat to 3 in term 4 at 2023-12-11 00:23:46.940644742 +0800 CST m=+2.916632609
3 become follower in AppendEntries at 2023-12-11 00:23:46.941043112 +0800 CST m=+2.917030980
5 become follower in AppendEntries at 2023-12-11 00:23:46.941146617 +0800 CST m=+2.917134484
1 become follower in AppendEntries at 2023-12-11 00:23:46.941521454 +0800 CST m=+2.917509315
4 send heartbeat to 6 in term 6 at 2023-12-11 00:23:47.041071843 +0800 CST m=+3.017059722
4 send heartbeat to 2 in term 6 at 2023-12-11 00:23:47.041158435 +0800 CST m=+3.017146300
4 send heartbeat to 3 in term 6 at 2023-12-11 00:23:47.04122903 +0800 CST m=+3.017216888
4 send heartbeat to 0 in term 6 at 2023-12-11 00:23:47.041286508 +0800 CST m=+3.017274371
2 send heartbeat to 0 in term 4 at 2023-12-11 00:23:47.041316235 +0800 CST m=+3.017304100
2 send heartbeat to 1 in term 4 at 2023-12-11 00:23:47.041359293 +0800 CST m=+3.017347162
4 send heartbeat to 5 in term 6 at 2023-12-11 00:23:47.041373698 +0800 CST m=+3.017361564
2 send heartbeat to 5 in term 4 at 2023-12-11 00:23:47.041406078 +0800 CST m=+3.017393946
2 send heartbeat to 4 in term 4 at 2023-12-11 00:23:47.041355114 +0800 CST m=+3.017342974
3 become follower in AppendEntries at 2023-12-11 00:23:47.041462483 +0800 CST m=+3.017450347
2 send heartbeat to 6 in term 4 at 2023-12-11 00:23:47.041270085 +0800 CST m=+3.017257949
2 send heartbeat to 3 in term 4 at 2023-12-11 00:23:47.041343805 +0800 CST m=+3.017331668
4 send heartbeat to 1 in term 6 at 2023-12-11 00:23:47.041309932 +0800 CST m=+3.017297793
5 become follower in AppendEntries at 2023-12-11 00:23:47.042767186 +0800 CST m=+3.018755055
1 become follower in AppendEntries at 2023-12-11 00:23:47.042860968 +0800 CST m=+3.018848855
6 0 2 connect at 2023-12-11 00:23:47.116444287 +0800 CST m=+3.092432174
4 3 6 disconnect at 2023-12-11 00:23:47.116544424 +0800 CST m=+3.092532286
4 send heartbeat to 6 in term 6 at 2023-12-11 00:23:47.141722313 +0800 CST m=+3.117710172
4 send heartbeat to 2 in term 6 at 2023-12-11 00:23:47.141792529 +0800 CST m=+3.117780403
4 send heartbeat to 3 in term 6 at 2023-12-11 00:23:47.141870006 +0800 CST m=+3.117857868
4 send heartbeat to 0 in term 6 at 2023-12-11 00:23:47.1418932 +0800 CST m=+3.117881069
2 send heartbeat to 1 in term 4 at 2023-12-11 00:23:47.141976239 +0800 CST m=+3.117964099
2 send heartbeat to 5 in term 4 at 2023-12-11 00:23:47.14199285 +0800 CST m=+3.117980712
2 send heartbeat to 0 in term 4 at 2023-12-11 00:23:47.142019945 +0800 CST m=+3.118007807
4 send heartbeat to 5 in term 6 at 2023-12-11 00:23:47.141924538 +0800 CST m=+3.117912403
2 send heartbeat to 4 in term 4 at 2023-12-11 00:23:47.141977396 +0800 CST m=+3.117965256
2 send heartbeat to 3 in term 4 at 2023-12-11 00:23:47.142020713 +0800 CST m=+3.118008578
2 send heartbeat to 6 in term 4 at 2023-12-11 00:23:47.14196894 +0800 CST m=+3.117956807
4 send heartbeat to 1 in term 6 at 2023-12-11 00:23:47.141940545 +0800 CST m=+3.117928412
2 become follower in sendHeartBeat at 2023-12-11 00:23:47.142350788 +0800 CST m=+3.118338653
2 become follower in sendHeartBeat at 2023-12-11 00:23:47.142386813 +0800 CST m=+3.118374680
2 become follower in sendHeartBeat at 2023-12-11 00:23:47.142403129 +0800 CST m=+3.118390994
4 send heartbeat to 6 in term 6 at 2023-12-11 00:23:47.241946852 +0800 CST m=+3.217934716
4 send heartbeat to 2 in term 6 at 2023-12-11 00:23:47.242019632 +0800 CST m=+3.218007497
6 become candidate in term 7 at 2023-12-11 00:23:47.242087615 +0800 CST m=+3.218075479
4 send heartbeat to 3 in term 6 at 2023-12-11 00:23:47.242102387 +0800 CST m=+3.218090251
4 send heartbeat to 0 in term 6 at 2023-12-11 00:23:47.242132893 +0800 CST m=+3.218120751
4 send heartbeat to 1 in term 6 at 2023-12-11 00:23:47.242156668 +0800 CST m=+3.218144531
4 send heartbeat to 5 in term 6 at 2023-12-11 00:23:47.24218747 +0800 CST m=+3.218175336
4 send heartbeat to 6 in term 6 at 2023-12-11 00:23:47.342866193 +0800 CST m=+3.318854057
4 send heartbeat to 2 in term 6 at 2023-12-11 00:23:47.342942218 +0800 CST m=+3.318930094
4 send heartbeat to 3 in term 6 at 2023-12-11 00:23:47.343004193 +0800 CST m=+3.318992059
3 become candidate in term 7 at 2023-12-11 00:23:47.34303075 +0800 CST m=+3.319018616
0 become candidate in term 7 at 2023-12-11 00:23:47.343095242 +0800 CST m=+3.319083111
4 send heartbeat to 5 in term 6 at 2023-12-11 00:23:47.343065158 +0800 CST m=+3.319053024
4 send heartbeat to 1 in term 6 at 2023-12-11 00:23:47.343073068 +0800 CST m=+3.319060935
4 send heartbeat to 0 in term 6 at 2023-12-11 00:23:47.343052911 +0800 CST m=+3.319040775
5 become follower in RequestVote at 2023-12-11 00:23:47.343448526 +0800 CST m=+3.319436386
1 become follower in RequestVote at 2023-12-11 00:23:47.343480242 +0800 CST m=+3.319468107
2 become follower in RequestVote at 2023-12-11 00:23:47.343493183 +0800 CST m=+3.319481045
0 become leader with term 7 at 2023-12-11 00:23:47.343794289 +0800 CST m=+3.319782148
0 send heartbeat to 6 in term 7 at 2023-12-11 00:23:47.343849763 +0800 CST m=+3.319837629
0 send heartbeat to 4 in term 7 at 2023-12-11 00:23:47.343899891 +0800 CST m=+3.319887754
0 send heartbeat to 1 in term 7 at 2023-12-11 00:23:47.343922248 +0800 CST m=+3.319910107
0 send heartbeat to 5 in term 7 at 2023-12-11 00:23:47.343939934 +0800 CST m=+3.319927796
0 send heartbeat to 3 in term 7 at 2023-12-11 00:23:47.343879593 +0800 CST m=+3.319867462
0 send heartbeat to 2 in term 7 at 2023-12-11 00:23:47.343954595 +0800 CST m=+3.319942462
1 become follower in AppendEntries at 2023-12-11 00:23:47.344178272 +0800 CST m=+3.320166137
5 become follower in AppendEntries at 2023-12-11 00:23:47.344311054 +0800 CST m=+3.320298921
2 become follower in AppendEntries at 2023-12-11 00:23:47.344474892 +0800 CST m=+3.320462761
4 send heartbeat to 6 in term 6 at 2023-12-11 00:23:47.443692369 +0800 CST m=+3.419680239
4 send heartbeat to 0 in term 6 at 2023-12-11 00:23:47.443784415 +0800 CST m=+3.419772276
4 send heartbeat to 3 in term 6 at 2023-12-11 00:23:47.44381339 +0800 CST m=+3.419801266
0 send heartbeat to 6 in term 7 at 2023-12-11 00:23:47.443900327 +0800 CST m=+3.419888188
0 send heartbeat to 2 in term 7 at 2023-12-11 00:23:47.443913782 +0800 CST m=+3.419901646
0 send heartbeat to 4 in term 7 at 2023-12-11 00:23:47.443914485 +0800 CST m=+3.419902352
4 send heartbeat to 5 in term 6 at 2023-12-11 00:23:47.443842291 +0800 CST m=+3.419830158
4 send heartbeat to 1 in term 6 at 2023-12-11 00:23:47.443729166 +0800 CST m=+3.419717040
2 become follower in AppendEntries at 2023-12-11 00:23:47.444139679 +0800 CST m=+3.420127538
0 send heartbeat to 3 in term 7 at 2023-12-11 00:23:47.443956054 +0800 CST m=+3.419943921
4 send heartbeat to 2 in term 6 at 2023-12-11 00:23:47.443867977 +0800 CST m=+3.419855839
0 send heartbeat to 1 in term 7 at 2023-12-11 00:23:47.443970179 +0800 CST m=+3.419958038
0 send heartbeat to 5 in term 7 at 2023-12-11 00:23:47.443945281 +0800 CST m=+3.419933144
1 become follower in AppendEntries at 2023-12-11 00:23:47.44448924 +0800 CST m=+3.420477102
5 become follower in AppendEntries at 2023-12-11 00:23:47.444613852 +0800 CST m=+3.420601722
0 send heartbeat to 6 in term 7 at 2023-12-11 00:23:47.543984629 +0800 CST m=+3.519972511
0 send heartbeat to 1 in term 7 at 2023-12-11 00:23:47.544044082 +0800 CST m=+3.520031945
0 send heartbeat to 2 in term 7 at 2023-12-11 00:23:47.54412048 +0800 CST m=+3.520108345
6 become candidate in term 8 at 2023-12-11 00:23:47.544127675 +0800 CST m=+3.520115541
4 send heartbeat to 6 in term 6 at 2023-12-11 00:23:47.54422395 +0800 CST m=+3.520211815
2 become follower in AppendEntries at 2023-12-11 00:23:47.544334098 +0800 CST m=+3.520321962
0 send heartbeat to 4 in term 7 at 2023-12-11 00:23:47.544344598 +0800 CST m=+3.520332457
4 send heartbeat to 1 in term 6 at 2023-12-11 00:23:47.544363664 +0800 CST m=+3.520351523
4 send heartbeat to 2 in term 6 at 2023-12-11 00:23:47.54439613 +0800 CST m=+3.520384000
4 send heartbeat to 0 in term 6 at 2023-12-11 00:23:47.544343213 +0800 CST m=+3.520331077
4 send heartbeat to 3 in term 6 at 2023-12-11 00:23:47.544431046 +0800 CST m=+3.520418908
0 send heartbeat to 5 in term 7 at 2023-12-11 00:23:47.544455714 +0800 CST m=+3.520443575
4 send heartbeat to 5 in term 6 at 2023-12-11 00:23:47.544439431 +0800 CST m=+3.520427295
1 become follower in AppendEntries at 2023-12-11 00:23:47.544333338 +0800 CST m=+3.520321205
0 send heartbeat to 3 in term 7 at 2023-12-11 00:23:47.544403789 +0800 CST m=+3.520391653
5 become follower in AppendEntries at 2023-12-11 00:23:47.544655668 +0800 CST m=+3.520643528
0 send heartbeat to 6 in term 7 at 2023-12-11 00:23:47.645102953 +0800 CST m=+3.621090827
4 send heartbeat to 6 in term 6 at 2023-12-11 00:23:47.645195316 +0800 CST m=+3.621183180
0 send heartbeat to 1 in term 7 at 2023-12-11 00:23:47.645256971 +0800 CST m=+3.621244834
0 send heartbeat to 3 in term 7 at 2023-12-11 00:23:47.645281196 +0800 CST m=+3.621269060
0 send heartbeat to 2 in term 7 at 2023-12-11 00:23:47.645348334 +0800 CST m=+3.621336198
3 become candidate in term 8 at 2023-12-11 00:23:47.645357328 +0800 CST m=+3.621345193
4 send heartbeat to 1 in term 6 at 2023-12-11 00:23:47.645411279 +0800 CST m=+3.621399143
4 send heartbeat to 0 in term 6 at 2023-12-11 00:23:47.645484429 +0800 CST m=+3.621472293
1 become follower in AppendEntries at 2023-12-11 00:23:47.645503195 +0800 CST m=+3.621491055
0 send heartbeat to 5 in term 7 at 2023-12-11 00:23:47.645331073 +0800 CST m=+3.621318935
2 become follower in AppendEntries at 2023-12-11 00:23:47.645559605 +0800 CST m=+3.621547465
4 send heartbeat to 3 in term 6 at 2023-12-11 00:23:47.645574987 +0800 CST m=+3.621562852
4 send heartbeat to 2 in term 6 at 2023-12-11 00:23:47.645555547 +0800 CST m=+3.621543410
4 send heartbeat to 5 in term 6 at 2023-12-11 00:23:47.645608037 +0800 CST m=+3.621595896
0 send heartbeat to 4 in term 7 at 2023-12-11 00:23:47.645314497 +0800 CST m=+3.621302363
5 become follower in AppendEntries at 2023-12-11 00:23:47.645739662 +0800 CST m=+3.621727528
4 3 6 connect at 2023-12-11 00:23:47.662323182 +0800 CST m=+3.638311051
6 3 3 disconnect at 2023-12-11 00:23:47.662406093 +0800 CST m=+3.638393980
0 send heartbeat to 1 in term 7 at 2023-12-11 00:23:47.745363111 +0800 CST m=+3.721350974
4 send heartbeat to 6 in term 6 at 2023-12-11 00:23:47.745438598 +0800 CST m=+3.721426462
0 send heartbeat to 4 in term 7 at 2023-12-11 00:23:47.745538967 +0800 CST m=+3.721526825
0 send heartbeat to 2 in term 7 at 2023-12-11 00:23:47.74558048 +0800 CST m=+3.721568359
1 become follower in AppendEntries at 2023-12-11 00:23:47.745669862 +0800 CST m=+3.721657724
0 send heartbeat to 5 in term 7 at 2023-12-11 00:23:47.745683493 +0800 CST m=+3.721671359
4 send heartbeat to 2 in term 6 at 2023-12-11 00:23:47.745596731 +0800 CST m=+3.721584599
4 become follower in AppendEntries at 2023-12-11 00:23:47.745833551 +0800 CST m=+3.721821412
2 become follower in AppendEntries at 2023-12-11 00:23:47.745871528 +0800 CST m=+3.721859408
0 send heartbeat to 6 in term 7 at 2023-12-11 00:23:47.745660034 +0800 CST m=+3.721647901
4 send heartbeat to 3 in term 6 at 2023-12-11 00:23:47.74561776 +0800 CST m=+3.721605633
5 become follower in AppendEntries at 2023-12-11 00:23:47.745897444 +0800 CST m=+3.721885303
4 send heartbeat to 0 in term 6 at 2023-12-11 00:23:47.745561686 +0800 CST m=+3.721549550
4 send heartbeat to 5 in term 6 at 2023-12-11 00:23:47.74563217 +0800 CST m=+3.721620034
4 become follower in sendHeartBeat at 2023-12-11 00:23:47.746117242 +0800 CST m=+3.722105105
0 send heartbeat to 3 in term 7 at 2023-12-11 00:23:47.745646885 +0800 CST m=+3.721634750
4 send heartbeat to 1 in term 6 at 2023-12-11 00:23:47.745581961 +0800 CST m=+3.721569825
4 become follower in sendHeartBeat at 2023-12-11 00:23:47.74635044 +0800 CST m=+3.722338301
4 become follower in sendHeartBeat at 2023-12-11 00:23:47.746385493 +0800 CST m=+3.722373359
4 become follower in sendHeartBeat at 2023-12-11 00:23:47.746468934 +0800 CST m=+3.722456796
0 send heartbeat to 6 in term 7 at 2023-12-11 00:23:47.845789079 +0800 CST m=+3.821776941
0 send heartbeat to 2 in term 7 at 2023-12-11 00:23:47.845861176 +0800 CST m=+3.821849042
0 send heartbeat to 4 in term 7 at 2023-12-11 00:23:47.845954045 +0800 CST m=+3.821941911
0 send heartbeat to 3 in term 7 at 2023-12-11 00:23:47.845932113 +0800 CST m=+3.821919981
6 become candidate in term 9 at 2023-12-11 00:23:47.845979375 +0800 CST m=+3.821967240
0 send heartbeat to 1 in term 7 at 2023-12-11 00:23:47.846040162 +0800 CST m=+3.822028031
2 become follower in AppendEntries at 2023-12-11 00:23:47.846178637 +0800 CST m=+3.822166497
4 become follower in AppendEntries at 2023-12-11 00:23:47.846199853 +0800 CST m=+3.822187715
0 send heartbeat to 5 in term 7 at 2023-12-11 00:23:47.846283554 +0800 CST m=+3.822271418
1 become follower in AppendEntries at 2023-12-11 00:23:47.846347461 +0800 CST m=+3.822335328
5 become follower in AppendEntries at 2023-12-11 00:23:47.846511616 +0800 CST m=+3.822499482
0 send heartbeat to 6 in term 7 at 2023-12-11 00:23:47.946130559 +0800 CST m=+3.922118426
0 send heartbeat to 2 in term 7 at 2023-12-11 00:23:47.946185611 +0800 CST m=+3.922173488
0 send heartbeat to 5 in term 7 at 2023-12-11 00:23:47.946274431 +0800 CST m=+3.922262296
0 send heartbeat to 3 in term 7 at 2023-12-11 00:23:47.946306302 +0800 CST m=+3.922294166
0 send heartbeat to 1 in term 7 at 2023-12-11 00:23:47.946340717 +0800 CST m=+3.922328599
2 become follower in AppendEntries at 2023-12-11 00:23:47.946477777 +0800 CST m=+3.922465641
5 become follower in AppendEntries at 2023-12-11 00:23:47.946496872 +0800 CST m=+3.922484733
0 send heartbeat to 4 in term 7 at 2023-12-11 00:23:47.946262128 +0800 CST m=+3.922249997
4 become follower in AppendEntries at 2023-12-11 00:23:47.946736081 +0800 CST m=+3.922723947
1 become follower in AppendEntries at 2023-12-11 00:23:47.946763076 +0800 CST m=+3.922750946
0 send heartbeat to 6 in term 7 at 2023-12-11 00:23:48.046474812 +0800 CST m=+4.022462710
0 send heartbeat to 5 in term 7 at 2023-12-11 00:23:48.046583171 +0800 CST m=+4.022571031
0 send heartbeat to 3 in term 7 at 2023-12-11 00:23:48.046503476 +0800 CST m=+4.022491360
0 send heartbeat to 4 in term 7 at 2023-12-11 00:23:48.046561214 +0800 CST m=+4.022549085
5 become follower in AppendEntries at 2023-12-11 00:23:48.046881621 +0800 CST m=+4.022869487
0 send heartbeat to 2 in term 7 at 2023-12-11 00:23:48.046563447 +0800 CST m=+4.022551330
0 send heartbeat to 1 in term 7 at 2023-12-11 00:23:48.046539196 +0800 CST m=+4.022527073
4 become follower in AppendEntries at 2023-12-11 00:23:48.047061632 +0800 CST m=+4.023049494
2 become follower in AppendEntries at 2023-12-11 00:23:48.047252662 +0800 CST m=+4.023240531
1 become follower in AppendEntries at 2023-12-11 00:23:48.047315143 +0800 CST m=+4.023303007
0 send heartbeat to 6 in term 7 at 2023-12-11 00:23:48.14743463 +0800 CST m=+4.123422497
3 become candidate in term 9 at 2023-12-11 00:23:48.147513469 +0800 CST m=+4.123501338
0 send heartbeat to 1 in term 7 at 2023-12-11 00:23:48.147574699 +0800 CST m=+4.123562563
0 send heartbeat to 3 in term 7 at 2023-12-11 00:23:48.147687795 +0800 CST m=+4.123675664
0 send heartbeat to 5 in term 7 at 2023-12-11 00:23:48.147756812 +0800 CST m=+4.123744680
0 send heartbeat to 4 in term 7 at 2023-12-11 00:23:48.147720395 +0800 CST m=+4.123708260
1 become follower in AppendEntries at 2023-12-11 00:23:48.147822853 +0800 CST m=+4.123810717
0 send heartbeat to 2 in term 7 at 2023-12-11 00:23:48.147741715 +0800 CST m=+4.123729581
4 become follower in AppendEntries at 2023-12-11 00:23:48.148019265 +0800 CST m=+4.124007134
5 become follower in AppendEntries at 2023-12-11 00:23:48.147971582 +0800 CST m=+4.123959444
2 become follower in AppendEntries at 2023-12-11 00:23:48.148147427 +0800 CST m=+4.124135295
6 3 3 connect at 2023-12-11 00:23:48.208177905 +0800 CST m=+4.184165785
1 1 0 disconnect at 2023-12-11 00:23:48.208266252 +0800 CST m=+4.184254119
0 send heartbeat to 1 in term 7 at 2023-12-11 00:23:48.247519929 +0800 CST m=+4.223507798
0 send heartbeat to 5 in term 7 at 2023-12-11 00:23:48.247576143 +0800 CST m=+4.223564019
0 send heartbeat to 6 in term 7 at 2023-12-11 00:23:48.247666179 +0800 CST m=+4.223654042
0 send heartbeat to 3 in term 7 at 2023-12-11 00:23:48.247679959 +0800 CST m=+4.223667823
0 send heartbeat to 4 in term 7 at 2023-12-11 00:23:48.247708506 +0800 CST m=+4.223696365
0 send heartbeat to 2 in term 7 at 2023-12-11 00:23:48.247727776 +0800 CST m=+4.223715637
0 send heartbeat to 6 in term 7 at 2023-12-11 00:23:48.348843219 +0800 CST m=+4.324831082
0 send heartbeat to 2 in term 7 at 2023-12-11 00:23:48.348906077 +0800 CST m=+4.324893951
0 send heartbeat to 3 in term 7 at 2023-12-11 00:23:48.349009178 +0800 CST m=+4.324997042
6 become candidate in term 10 at 2023-12-11 00:23:48.349009795 +0800 CST m=+4.324997660
0 send heartbeat to 4 in term 7 at 2023-12-11 00:23:48.349061146 +0800 CST m=+4.325049034
0 send heartbeat to 1 in term 7 at 2023-12-11 00:23:48.34906012 +0800 CST m=+4.325047986
0 send heartbeat to 5 in term 7 at 2023-12-11 00:23:48.349065771 +0800 CST m=+4.325053635
5 become follower in RequestVote at 2023-12-11 00:23:48.349353452 +0800 CST m=+4.325341319
3 become follower in RequestVote at 2023-12-11 00:23:48.349377935 +0800 CST m=+4.325365798
4 become follower in RequestVote at 2023-12-11 00:23:48.3494198 +0800 CST m=+4.325407665
2 become follower in RequestVote at 2023-12-11 00:23:48.349399688 +0800 CST m=+4.325387569
6 become leader with term 10 at 2023-12-11 00:23:48.349579646 +0800 CST m=+4.325567505
6 send heartbeat to 5 in term 10 at 2023-12-11 00:23:48.349618685 +0800 CST m=+4.325606549
6 send heartbeat to 0 in term 10 at 2023-12-11 00:23:48.349620791 +0800 CST m=+4.325608665
6 send heartbeat to 1 in term 10 at 2023-12-11 00:23:48.34969129 +0800 CST m=+4.325679152
6 send heartbeat to 2 in term 10 at 2023-12-11 00:23:48.349670016 +0800 CST m=+4.325657880
6 send heartbeat to 4 in term 10 at 2023-12-11 00:23:48.349748075 +0800 CST m=+4.325735944
2 become follower in AppendEntries at 2023-12-11 00:23:48.349876813 +0800 CST m=+4.325864681
6 send heartbeat to 3 in term 10 at 2023-12-11 00:23:48.349703828 +0800 CST m=+4.325691701
5 become follower in AppendEntries at 2023-12-11 00:23:48.34977762 +0800 CST m=+4.325765486
4 become follower in AppendEntries at 2023-12-11 00:23:48.350051665 +0800 CST m=+4.326039539
3 become follower in AppendEntries at 2023-12-11 00:23:48.350065396 +0800 CST m=+4.326053260
1 become candidate in term 8 at 2023-12-11 00:23:48.44936571 +0800 CST m=+4.425353572
0 send heartbeat to 6 in term 7 at 2023-12-11 00:23:48.449447911 +0800 CST m=+4.425435782
0 send heartbeat to 3 in term 7 at 2023-12-11 00:23:48.449498381 +0800 CST m=+4.425486257
0 send heartbeat to 4 in term 7 at 2023-12-11 00:23:48.449539476 +0800 CST m=+4.425527339
0 send heartbeat to 5 in term 7 at 2023-12-11 00:23:48.449558342 +0800 CST m=+4.425546209
0 send heartbeat to 1 in term 7 at 2023-12-11 00:23:48.44960728 +0800 CST m=+4.425595138
0 send heartbeat to 2 in term 7 at 2023-12-11 00:23:48.449628322 +0800 CST m=+4.425616187
6 send heartbeat to 3 in term 10 at 2023-12-11 00:23:48.449725828 +0800 CST m=+4.425713695
6 send heartbeat to 4 in term 10 at 2023-12-11 00:23:48.44974206 +0800 CST m=+4.425729924
6 send heartbeat to 2 in term 10 at 2023-12-11 00:23:48.44971228 +0800 CST m=+4.425700138
6 send heartbeat to 0 in term 10 at 2023-12-11 00:23:48.449735643 +0800 CST m=+4.425723507
6 send heartbeat to 5 in term 10 at 2023-12-11 00:23:48.449695389 +0800 CST m=+4.425683251
3 become follower in AppendEntries at 2023-12-11 00:23:48.44992994 +0800 CST m=+4.425917804
4 become follower in AppendEntries at 2023-12-11 00:23:48.44995269 +0800 CST m=+4.425940555
2 become follower in AppendEntries at 2023-12-11 00:23:48.450045786 +0800 CST m=+4.426033650
6 send heartbeat to 1 in term 10 at 2023-12-11 00:23:48.449711911 +0800 CST m=+4.425699770
5 become follower in AppendEntries at 2023-12-11 00:23:48.450122453 +0800 CST m=+4.426110312
0 send heartbeat to 6 in term 7 at 2023-12-11 00:23:48.549482676 +0800 CST m=+4.525470539
0 send heartbeat to 2 in term 7 at 2023-12-11 00:23:48.549540413 +0800 CST m=+4.525528285
0 send heartbeat to 5 in term 7 at 2023-12-11 00:23:48.549628695 +0800 CST m=+4.525616559
0 send heartbeat to 3 in term 7 at 2023-12-11 00:23:48.549658342 +0800 CST m=+4.525646206
6 send heartbeat to 5 in term 10 at 2023-12-11 00:23:48.549719212 +0800 CST m=+4.525707077
6 send heartbeat to 2 in term 10 at 2023-12-11 00:23:48.549718199 +0800 CST m=+4.525706071
6 send heartbeat to 3 in term 10 at 2023-12-11 00:23:48.549726128 +0800 CST m=+4.525713993
5 become follower in AppendEntries at 2023-12-11 00:23:48.549942374 +0800 CST m=+4.525930235
2 become follower in AppendEntries at 2023-12-11 00:23:48.550004595 +0800 CST m=+4.525992461
0 send heartbeat to 4 in term 7 at 2023-12-11 00:23:48.549615996 +0800 CST m=+4.525603873
6 send heartbeat to 0 in term 10 at 2023-12-11 00:23:48.549762362 +0800 CST m=+4.525750226
0 send heartbeat to 1 in term 7 at 2023-12-11 00:23:48.549677798 +0800 CST m=+4.525665664
6 send heartbeat to 1 in term 10 at 2023-12-11 00:23:48.549767628 +0800 CST m=+4.525755489
6 send heartbeat to 4 in term 10 at 2023-12-11 00:23:48.549746009 +0800 CST m=+4.525733872
3 become follower in AppendEntries at 2023-12-11 00:23:48.550099149 +0800 CST m=+4.526087015
4 become follower in AppendEntries at 2023-12-11 00:23:48.550407987 +0800 CST m=+4.526395851
6 send heartbeat to 5 in term 10 at 2023-12-11 00:23:48.650138048 +0800 CST m=+4.626125912
6 send heartbeat to 1 in term 10 at 2023-12-11 00:23:48.650226441 +0800 CST m=+4.626214312
0 send heartbeat to 6 in term 7 at 2023-12-11 00:23:48.650331197 +0800 CST m=+4.626319060
0 send heartbeat to 3 in term 7 at 2023-12-11 00:23:48.650411769 +0800 CST m=+4.626399634
0 send heartbeat to 2 in term 7 at 2023-12-11 00:23:48.650456144 +0800 CST m=+4.626444009
6 send heartbeat to 3 in term 10 at 2023-12-11 00:23:48.650466745 +0800 CST m=+4.626454611
0 send heartbeat to 4 in term 7 at 2023-12-11 00:23:48.650424228 +0800 CST m=+4.626412087
6 send heartbeat to 0 in term 10 at 2023-12-11 00:23:48.650367894 +0800 CST m=+4.626355758
5 become follower in AppendEntries at 2023-12-11 00:23:48.650476316 +0800 CST m=+4.626464179
6 send heartbeat to 4 in term 10 at 2023-12-11 00:23:48.650488774 +0800 CST m=+4.626476633
0 send heartbeat to 1 in term 7 at 2023-12-11 00:23:48.650389862 +0800 CST m=+4.626377739
3 become follower in AppendEntries at 2023-12-11 00:23:48.65075524 +0800 CST m=+4.626743102
4 become follower in AppendEntries at 2023-12-11 00:23:48.650887722 +0800 CST m=+4.626875586
0 send heartbeat to 5 in term 7 at 2023-12-11 00:23:48.650441412 +0800 CST m=+4.626429275
6 send heartbeat to 2 in term 10 at 2023-12-11 00:23:48.650514405 +0800 CST m=+4.626502268
2 become follower in AppendEntries at 2023-12-11 00:23:48.651109977 +0800 CST m=+4.627097838
1 1 0 connect at 2023-12-11 00:23:48.684327124 +0800 CST m=+4.660315001
1 2 0 disconnect at 2023-12-11 00:23:48.684413458 +0800 CST m=+4.660401321
0 send heartbeat to 6 in term 7 at 2023-12-11 00:23:48.750654319 +0800 CST m=+4.726642183
0 send heartbeat to 3 in term 7 at 2023-12-11 00:23:48.750713396 +0800 CST m=+4.726701266
6 send heartbeat to 5 in term 10 at 2023-12-11 00:23:48.750802159 +0800 CST m=+4.726790018
0 send heartbeat to 5 in term 7 at 2023-12-11 00:23:48.750802051 +0800 CST m=+4.726789942
6 send heartbeat to 3 in term 10 at 2023-12-11 00:23:48.750876122 +0800 CST m=+4.726863986
6 send heartbeat to 4 in term 10 at 2023-12-11 00:23:48.750895933 +0800 CST m=+4.726883795
0 send heartbeat to 1 in term 7 at 2023-12-11 00:23:48.750833225 +0800 CST m=+4.726821089
6 send heartbeat to 2 in term 10 at 2023-12-11 00:23:48.750860753 +0800 CST m=+4.726848617
6 send heartbeat to 1 in term 10 at 2023-12-11 00:23:48.750856367 +0800 CST m=+4.726844232
6 send heartbeat to 0 in term 10 at 2023-12-11 00:23:48.750879735 +0800 CST m=+4.726867600
5 become follower in AppendEntries at 2023-12-11 00:23:48.751053305 +0800 CST m=+4.727041165
4 become follower in AppendEntries at 2023-12-11 00:23:48.751117041 +0800 CST m=+4.727104903
0 send heartbeat to 4 in term 7 at 2023-12-11 00:23:48.750790059 +0800 CST m=+4.726777920
3 become follower in AppendEntries at 2023-12-11 00:23:48.751087194 +0800 CST m=+4.727075059
0 send heartbeat to 2 in term 7 at 2023-12-11 00:23:48.750851935 +0800 CST m=+4.726839795
6 send heartbeat to 5 in term 10 at 2023-12-11 00:23:48.851636695 +0800 CST m=+4.827624555
6 send heartbeat to 2 in term 10 at 2023-12-11 00:23:48.851730385 +0800 CST m=+4.827718246
6 send heartbeat to 4 in term 10 at 2023-12-11 00:23:48.85180739 +0800 CST m=+4.827795256
0 send heartbeat to 1 in term 7 at 2023-12-11 00:23:48.851839965 +0800 CST m=+4.827827826
6 send heartbeat to 1 in term 10 at 2023-12-11 00:23:48.851886395 +0800 CST m=+4.827874256
6 send heartbeat to 0 in term 10 at 2023-12-11 00:23:48.851863686 +0800 CST m=+4.827851555
0 send heartbeat to 3 in term 7 at 2023-12-11 00:23:48.851946151 +0800 CST m=+4.827934013
0 send heartbeat to 4 in term 7 at 2023-12-11 00:23:48.851971156 +0800 CST m=+4.827959019
0 send heartbeat to 2 in term 7 at 2023-12-11 00:23:48.851988506 +0800 CST m=+4.827976364
0 send heartbeat to 5 in term 7 at 2023-12-11 00:23:48.852016429 +0800 CST m=+4.828004293
0 send heartbeat to 6 in term 7 at 2023-12-11 00:23:48.851800392 +0800 CST m=+4.827788251
6 send heartbeat to 3 in term 10 at 2023-12-11 00:23:48.851770061 +0800 CST m=+4.827757929
4 become follower in AppendEntries at 2023-12-11 00:23:48.852029083 +0800 CST m=+4.828016947
3 become follower in AppendEntries at 2023-12-11 00:23:48.852272573 +0800 CST m=+4.828260435
5 become follower in AppendEntries at 2023-12-11 00:23:48.852065477 +0800 CST m=+4.828053339
6 send heartbeat to 5 in term 10 at 2023-12-11 00:23:48.952142213 +0800 CST m=+4.928130077
6 send heartbeat to 2 in term 10 at 2023-12-11 00:23:48.952214027 +0800 CST m=+4.928201896
0 send heartbeat to 6 in term 7 at 2023-12-11 00:23:48.952308902 +0800 CST m=+4.928296765
0 send heartbeat to 3 in term 7 at 2023-12-11 00:23:48.952375514 +0800 CST m=+4.928363374
1 become candidate in term 9 at 2023-12-11 00:23:48.952394576 +0800 CST m=+4.928382440
6 send heartbeat to 4 in term 10 at 2023-12-11 00:23:48.952464825 +0800 CST m=+4.928452690
0 send heartbeat to 1 in term 7 at 2023-12-11 00:23:48.95243659 +0800 CST m=+4.928424452
0 send heartbeat to 4 in term 7 at 2023-12-11 00:23:48.952428927 +0800 CST m=+4.928416791
5 become follower in AppendEntries at 2023-12-11 00:23:48.952433527 +0800 CST m=+4.928421391
6 send heartbeat to 3 in term 10 at 2023-12-11 00:23:48.952445297 +0800 CST m=+4.928433161
6 send heartbeat to 1 in term 10 at 2023-12-11 00:23:48.95235984 +0800 CST m=+4.928347700
0 send heartbeat to 5 in term 7 at 2023-12-11 00:23:48.952452848 +0800 CST m=+4.928440712
6 send heartbeat to 0 in term 10 at 2023-12-11 00:23:48.952338838 +0800 CST m=+4.928326700
0 send heartbeat to 2 in term 7 at 2023-12-11 00:23:48.952450084 +0800 CST m=+4.928437950
4 become follower in AppendEntries at 2023-12-11 00:23:48.952765505 +0800 CST m=+4.928753371
3 become follower in AppendEntries at 2023-12-11 00:23:48.952927027 +0800 CST m=+4.928914890
0 send heartbeat to 6 in term 7 at 2023-12-11 00:23:49.05289265 +0800 CST m=+5.028880519
0 send heartbeat to 3 in term 7 at 2023-12-11 00:23:49.05298338 +0800 CST m=+5.028971239
0 send heartbeat to 4 in term 7 at 2023-12-11 00:23:49.053054262 +0800 CST m=+5.029042121
6 send heartbeat to 5 in term 10 at 2023-12-11 00:23:49.053065865 +0800 CST m=+5.029053726
0 send heartbeat to 2 in term 7 at 2023-12-11 00:23:49.053132424 +0800 CST m=+5.029120292
6 send heartbeat to 4 in term 10 at 2023-12-11 00:23:49.053153299 +0800 CST m=+5.029141167
0 send heartbeat to 1 in term 7 at 2023-12-11 00:23:49.053111279 +0800 CST m=+5.029099144
6 send heartbeat to 2 in term 10 at 2023-12-11 00:23:49.053135708 +0800 CST m=+5.029123577
0 send heartbeat to 5 in term 7 at 2023-12-11 00:23:49.053117321 +0800 CST m=+5.029105185
6 send heartbeat to 1 in term 10 at 2023-12-11 00:23:49.053195965 +0800 CST m=+5.029183829
6 send heartbeat to 0 in term 10 at 2023-12-11 00:23:49.053178103 +0800 CST m=+5.029165965
6 send heartbeat to 3 in term 10 at 2023-12-11 00:23:49.053136245 +0800 CST m=+5.029124109
5 become follower in AppendEntries at 2023-12-11 00:23:49.05336322 +0800 CST m=+5.029351090
4 become follower in AppendEntries at 2023-12-11 00:23:49.053363987 +0800 CST m=+5.029351851
3 become follower in AppendEntries at 2023-12-11 00:23:49.053705073 +0800 CST m=+5.029692951
6 send heartbeat to 5 in term 10 at 2023-12-11 00:23:49.15354236 +0800 CST m=+5.129530224
6 send heartbeat to 2 in term 10 at 2023-12-11 00:23:49.153603034 +0800 CST m=+5.129590910
2 become candidate in term 11 at 2023-12-11 00:23:49.153721248 +0800 CST m=+5.129709116
6 send heartbeat to 1 in term 10 at 2023-12-11 00:23:49.153798434 +0800 CST m=+5.129786302
0 send heartbeat to 6 in term 7 at 2023-12-11 00:23:49.15381327 +0800 CST m=+5.129801133
5 become follower in AppendEntries at 2023-12-11 00:23:49.153883036 +0800 CST m=+5.129870896
0 send heartbeat to 1 in term 7 at 2023-12-11 00:23:49.153902895 +0800 CST m=+5.129890758
6 send heartbeat to 3 in term 10 at 2023-12-11 00:23:49.153932134 +0800 CST m=+5.129920000
0 send heartbeat to 3 in term 7 at 2023-12-11 00:23:49.153967515 +0800 CST m=+5.129955374
0 send heartbeat to 5 in term 7 at 2023-12-11 00:23:49.154002296 +0800 CST m=+5.129990158
6 send heartbeat to 4 in term 10 at 2023-12-11 00:23:49.154037355 +0800 CST m=+5.130025217
3 become follower in AppendEntries at 2023-12-11 00:23:49.154138307 +0800 CST m=+5.130126170
0 send heartbeat to 2 in term 7 at 2023-12-11 00:23:49.154019834 +0800 CST m=+5.130007695
6 send heartbeat to 0 in term 10 at 2023-12-11 00:23:49.15377533 +0800 CST m=+5.129763195
0 send heartbeat to 4 in term 7 at 2023-12-11 00:23:49.153987259 +0800 CST m=+5.129975123
4 become follower in AppendEntries at 2023-12-11 00:23:49.154237493 +0800 CST m=+5.130225357
1 2 0 connect at 2023-12-11 00:23:49.223251324 +0800 CST m=+5.199239206
5 2 1 disconnect at 2023-12-11 00:23:49.22334922 +0800 CST m=+5.199337080
1 become candidate in term 10 at 2023-12-11 00:23:49.254479715 +0800 CST m=+5.230467584
0 send heartbeat to 6 in term 7 at 2023-12-11 00:23:49.254573517 +0800 CST m=+5.230561382
6 send heartbeat to 5 in term 10 at 2023-12-11 00:23:49.254655892 +0800 CST m=+5.230643756
0 send heartbeat to 2 in term 7 at 2023-12-11 00:23:49.254726065 +0800 CST m=+5.230713923
6 send heartbeat to 0 in term 10 at 2023-12-11 00:23:49.254743411 +0800 CST m=+5.230731273
0 send heartbeat to 3 in term 7 at 2023-12-11 00:23:49.254762259 +0800 CST m=+5.230750124
0 send heartbeat to 5 in term 7 at 2023-12-11 00:23:49.254791007 +0800 CST m=+5.230778869
6 send heartbeat to 1 in term 10 at 2023-12-11 00:23:49.254833275 +0800 CST m=+5.230821140
6 send heartbeat to 4 in term 10 at 2023-12-11 00:23:49.254854228 +0800 CST m=+5.230842092
0 become follower in AppendEntries at 2023-12-11 00:23:49.255046386 +0800 CST m=+5.231034252
4 become follower in AppendEntries at 2023-12-11 00:23:49.255095232 +0800 CST m=+5.231083099
6 send heartbeat to 3 in term 10 at 2023-12-11 00:23:49.255116603 +0800 CST m=+5.231104467
0 send heartbeat to 1 in term 7 at 2023-12-11 00:23:49.254704544 +0800 CST m=+5.230692411
0 send heartbeat to 4 in term 7 at 2023-12-11 00:23:49.254815329 +0800 CST m=+5.230803190
6 send heartbeat to 2 in term 10 at 2023-12-11 00:23:49.255218266 +0800 CST m=+5.231206126
0 become follower in sendHeartBeat at 2023-12-11 00:23:49.255104436 +0800 CST m=+5.231092300
0 become follower in sendHeartBeat at 2023-12-11 00:23:49.255269059 +0800 CST m=+5.231256923
3 become follower in AppendEntries at 2023-12-11 00:23:49.255276019 +0800 CST m=+5.231263884
0 become follower in sendHeartBeat at 2023-12-11 00:23:49.255471454 +0800 CST m=+5.231459316
6 send heartbeat to 5 in term 10 at 2023-12-11 00:23:49.35487598 +0800 CST m=+5.330863848
6 send heartbeat to 2 in term 10 at 2023-12-11 00:23:49.354956352 +0800 CST m=+5.330944217
6 send heartbeat to 3 in term 10 at 2023-12-11 00:23:49.355017814 +0800 CST m=+5.331005676
6 send heartbeat to 0 in term 10 at 2023-12-11 00:23:49.355040522 +0800 CST m=+5.331028386
6 send heartbeat to 4 in term 10 at 2023-12-11 00:23:49.355108086 +0800 CST m=+5.331095950
6 send heartbeat to 1 in term 10 at 2023-12-11 00:23:49.355080169 +0800 CST m=+5.331068033
3 become follower in AppendEntries at 2023-12-11 00:23:49.355274878 +0800 CST m=+5.331262741
4 become follower in AppendEntries at 2023-12-11 00:23:49.355317777 +0800 CST m=+5.331305646
0 become follower in AppendEntries at 2023-12-11 00:23:49.355328632 +0800 CST m=+5.331316492
2 become candidate in term 12 at 2023-12-11 00:23:49.455193674 +0800 CST m=+5.431181543
6 send heartbeat to 5 in term 10 at 2023-12-11 00:23:49.455304946 +0800 CST m=+5.431292815
6 send heartbeat to 0 in term 10 at 2023-12-11 00:23:49.455386379 +0800 CST m=+5.431374239
6 send heartbeat to 3 in term 10 at 2023-12-11 00:23:49.455400296 +0800 CST m=+5.431388163
6 send heartbeat to 4 in term 10 at 2023-12-11 00:23:49.455439155 +0800 CST m=+5.431427018
6 send heartbeat to 2 in term 10 at 2023-12-11 00:23:49.45534249 +0800 CST m=+5.431330364
6 send heartbeat to 1 in term 10 at 2023-12-11 00:23:49.455462017 +0800 CST m=+5.431449881
4 become follower in AppendEntries at 2023-12-11 00:23:49.455690892 +0800 CST m=+5.431678760
0 become follower in AppendEntries at 2023-12-11 00:23:49.455694787 +0800 CST m=+5.431682654
3 become follower in AppendEntries at 2023-12-11 00:23:49.455707324 +0800 CST m=+5.431695190
6 send heartbeat to 5 in term 10 at 2023-12-11 00:23:49.556142535 +0800 CST m=+5.532130401
6 send heartbeat to 2 in term 10 at 2023-12-11 00:23:49.556224348 +0800 CST m=+5.532212213
6 send heartbeat to 3 in term 10 at 2023-12-11 00:23:49.556301307 +0800 CST m=+5.532289171
5 become candidate in term 11 at 2023-12-11 00:23:49.556297863 +0800 CST m=+5.532285733
6 send heartbeat to 1 in term 10 at 2023-12-11 00:23:49.556374652 +0800 CST m=+5.532362525
6 send heartbeat to 0 in term 10 at 2023-12-11 00:23:49.556352913 +0800 CST m=+5.532340776
6 send heartbeat to 4 in term 10 at 2023-12-11 00:23:49.556356946 +0800 CST m=+5.532344818
1 become candidate in term 11 at 2023-12-11 00:23:49.556519326 +0800 CST m=+5.532507195
3 become follower in AppendEntries at 2023-12-11 00:23:49.556536645 +0800 CST m=+5.532524504
0 become follower in AppendEntries at 2023-12-11 00:23:49.556693326 +0800 CST m=+5.532681193
4 become follower in AppendEntries at 2023-12-11 00:23:49.556713723 +0800 CST m=+5.532701586
6 send heartbeat to 5 in term 10 at 2023-12-11 00:23:49.656208954 +0800 CST m=+5.632196822
6 send heartbeat to 0 in term 10 at 2023-12-11 00:23:49.656208313 +0800 CST m=+5.632196173
6 send heartbeat to 2 in term 10 at 2023-12-11 00:23:49.656267362 +0800 CST m=+5.632255226
6 send heartbeat to 1 in term 10 at 2023-12-11 00:23:49.656285797 +0800 CST m=+5.632273660
6 send heartbeat to 4 in term 10 at 2023-12-11 00:23:49.656299779 +0800 CST m=+5.632287639
6 send heartbeat to 3 in term 10 at 2023-12-11 00:23:49.656289797 +0800 CST m=+5.632277666
0 become follower in AppendEntries at 2023-12-11 00:23:49.656589054 +0800 CST m=+5.632576918
4 become follower in AppendEntries at 2023-12-11 00:23:49.65676813 +0800 CST m=+5.632755993
3 become follower in AppendEntries at 2023-12-11 00:23:49.65684126 +0800 CST m=+5.632829120
5 2 1 connect at 2023-12-11 00:23:49.739312084 +0800 CST m=+5.715299962
6 send heartbeat to 5 in term 10 at 2023-12-11 00:23:49.756837924 +0800 CST m=+5.732825796
6 send heartbeat to 3 in term 10 at 2023-12-11 00:23:49.756916135 +0800 CST m=+5.732904013
6 send heartbeat to 0 in term 10 at 2023-12-11 00:23:49.756879294 +0800 CST m=+5.732867157
6 send heartbeat to 1 in term 10 at 2023-12-11 00:23:49.756897633 +0800 CST m=+5.732885499
6 become follower in sendHeartBeat at 2023-12-11 00:23:49.757313689 +0800 CST m=+5.733301571
6 send heartbeat to 4 in term 10 at 2023-12-11 00:23:49.756911675 +0800 CST m=+5.732899541
0 become follower in AppendEntries at 2023-12-11 00:23:49.75738634 +0800 CST m=+5.733374206
3 become follower in AppendEntries at 2023-12-11 00:23:49.757257378 +0800 CST m=+5.733245241
4 become follower in AppendEntries at 2023-12-11 00:23:49.757532202 +0800 CST m=+5.733520068
6 send heartbeat to 2 in term 10 at 2023-12-11 00:23:49.756836161 +0800 CST m=+5.732824039
6 become follower in sendHeartBeat at 2023-12-11 00:23:49.75762055 +0800 CST m=+5.733608431
6 become follower in sendHeartBeat at 2023-12-11 00:23:49.757839199 +0800 CST m=+5.733827066
2 become candidate in term 13 at 2023-12-11 00:23:49.958464384 +0800 CST m=+5.934452247
5 become candidate in term 12 at 2023-12-11 00:23:49.958553108 +0800 CST m=+5.934540976
6 become follower in RequestVote at 2023-12-11 00:23:49.958823325 +0800 CST m=+5.934811189
0 become follower in RequestVote at 2023-12-11 00:23:49.958889358 +0800 CST m=+5.934877238
3 become follower in RequestVote at 2023-12-11 00:23:49.959069719 +0800 CST m=+5.935057581
5 become follower in RequestVote at 2023-12-11 00:23:49.959139354 +0800 CST m=+5.935127213
2 become leader with term 13 at 2023-12-11 00:23:49.959258175 +0800 CST m=+5.935246039
1 become follower in RequestVote at 2023-12-11 00:23:49.95888982 +0800 CST m=+5.934877686
5 become follower in sendRequestVote at 2023-12-11 00:23:49.959298683 +0800 CST m=+5.935286545
2 send heartbeat to 6 in term 13 at 2023-12-11 00:23:49.95930543 +0800 CST m=+5.935293290
2 send heartbeat to 1 in term 13 at 2023-12-11 00:23:49.959336158 +0800 CST m=+5.935324022
4 become follower in RequestVote at 2023-12-11 00:23:49.958919813 +0800 CST m=+5.934907672
2 send heartbeat to 3 in term 13 at 2023-12-11 00:23:49.959472155 +0800 CST m=+5.935460015
2 send heartbeat to 0 in term 13 at 2023-12-11 00:23:49.959497474 +0800 CST m=+5.935485336
3 become follower in AppendEntries at 2023-12-11 00:23:49.959628278 +0800 CST m=+5.935616142
0 become follower in AppendEntries at 2023-12-11 00:23:49.959655319 +0800 CST m=+5.935643184
1 become follower in AppendEntries at 2023-12-11 00:23:49.959492889 +0800 CST m=+5.935480753
5 become follower in sendRequestVote at 2023-12-11 00:23:49.959329155 +0800 CST m=+5.935317020
5 become follower in sendRequestVote at 2023-12-11 00:23:49.959802928 +0800 CST m=+5.935790794
5 become follower in sendRequestVote at 2023-12-11 00:23:49.959822453 +0800 CST m=+5.935810314
5 become follower in sendRequestVote at 2023-12-11 00:23:49.959836821 +0800 CST m=+5.935824684
2 send heartbeat to 5 in term 13 at 2023-12-11 00:23:49.959776854 +0800 CST m=+5.935764719
2 send heartbeat to 4 in term 13 at 2023-12-11 00:23:49.959761824 +0800 CST m=+5.935749688
6 become follower in AppendEntries at 2023-12-11 00:23:49.959465069 +0800 CST m=+5.935452939
5 become follower in sendRequestVote at 2023-12-11 00:23:49.959948737 +0800 CST m=+5.935936599
5 become follower in AppendEntries at 2023-12-11 00:23:49.959981967 +0800 CST m=+5.935969835
4 become follower in AppendEntries at 2023-12-11 00:23:49.960012273 +0800 CST m=+5.936000140
2 send heartbeat to 6 in term 13 at 2023-12-11 00:23:50.059987614 +0800 CST m=+6.035975482
2 send heartbeat to 3 in term 13 at 2023-12-11 00:23:50.060049462 +0800 CST m=+6.036037334
2 send heartbeat to 4 in term 13 at 2023-12-11 00:23:50.060123168 +0800 CST m=+6.036111042
2 send heartbeat to 0 in term 13 at 2023-12-11 00:23:50.060204757 +0800 CST m=+6.036192632
3 become follower in AppendEntries at 2023-12-11 00:23:50.060393369 +0800 CST m=+6.036381234
4 become follower in AppendEntries at 2023-12-11 00:23:50.060459181 +0800 CST m=+6.036447045
0 become follower in AppendEntries at 2023-12-11 00:23:50.060533912 +0800 CST m=+6.036521775
2 send heartbeat to 5 in term 13 at 2023-12-11 00:23:50.060549472 +0800 CST m=+6.036537343
2 send heartbeat to 1 in term 13 at 2023-12-11 00:23:50.060614931 +0800 CST m=+6.036602795
6 become follower in AppendEntries at 2023-12-11 00:23:50.060528619 +0800 CST m=+6.036516489
5 become follower in AppendEntries at 2023-12-11 00:23:50.060793798 +0800 CST m=+6.036781663
1 become follower in AppendEntries at 2023-12-11 00:23:50.060825102 +0800 CST m=+6.036812968
2 send heartbeat to 6 in term 13 at 2023-12-11 00:23:50.161068695 +0800 CST m=+6.137056574
2 send heartbeat to 0 in term 13 at 2023-12-11 00:23:50.161159575 +0800 CST m=+6.137147440
2 send heartbeat to 1 in term 13 at 2023-12-11 00:23:50.161195512 +0800 CST m=+6.137183386
2 send heartbeat to 5 in term 13 at 2023-12-11 00:23:50.161268904 +0800 CST m=+6.137256790
6 become follower in AppendEntries at 2023-12-11 00:23:50.16140333 +0800 CST m=+6.137391202
0 become follower in AppendEntries at 2023-12-11 00:23:50.161437554 +0800 CST m=+6.137425415
1 become follower in AppendEntries at 2023-12-11 00:23:50.161497354 +0800 CST m=+6.137485217
5 become follower in AppendEntries at 2023-12-11 00:23:50.16156758 +0800 CST m=+6.137555449
2 send heartbeat to 4 in term 13 at 2023-12-11 00:23:50.161592021 +0800 CST m=+6.137579902
2 send heartbeat to 3 in term 13 at 2023-12-11 00:23:50.161114713 +0800 CST m=+6.137102587
4 become follower in AppendEntries at 2023-12-11 00:23:50.161755724 +0800 CST m=+6.137743587
3 become follower in AppendEntries at 2023-12-11 00:23:50.161811968 +0800 CST m=+6.137799831
  ... Passed --   6.2  7  690   59268    0
PASS
ok  	6.5840/raft	6.181s
